<?xml version="1.0" encoding="UTF-8"?>
<!-- Generated by org.testng.reporters.JUnitXMLReporter -->
<testsuite ignored="0" hostname="EliteBook" failures="0" tests="2" name="Default test" time="45.945" errors="0" timestamp="2023-03-01T00:32:30 IST">
  <testcase classname="com.techblog.testscripts.TestClassAdminApprove" name="TestClassApprove" time="15.322"/>
  <testcase classname="com.techblog.testscripts.TestClassAdminApprove" name="TestClassReject" time="19.029"/>
</testsuite> <!-- Default test -->
