<?xml version="1.0" encoding="UTF-8"?>
<testng-results ignored="0" total="2" passed="2" failed="0" skipped="0">
  <reporter-output>
  </reporter-output>
  <suite started-at="2023-03-01T00:31:44 IST" name="Default suite" finished-at="2023-03-01T00:32:30 IST" duration-ms="45945">
    <groups>
    </groups>
    <test started-at="2023-03-01T00:31:44 IST" name="Default test" finished-at="2023-03-01T00:32:30 IST" duration-ms="45945">
      <class name="com.techblog.testscripts.TestClassAdminApprove">
        <test-method is-config="true" signature="onSetup()[pri:0, instance:com.techblog.testscripts.TestClassAdminApprove@791f145a]" started-at="2023-03-01T00:31:44 IST" name="onSetup" finished-at="2023-03-01T00:31:53 IST" duration-ms="8977" status="PASS">
          <reporter-output>
          </reporter-output>
        </test-method> <!-- onSetup -->
        <test-method signature="TestClassApprove()[pri:1, instance:com.techblog.testscripts.TestClassAdminApprove@791f145a]" started-at="2023-03-01T00:31:53 IST" name="TestClassApprove" finished-at="2023-03-01T00:32:08 IST" duration-ms="15322" status="PASS">
          <reporter-output>
          </reporter-output>
        </test-method> <!-- TestClassApprove -->
        <test-method signature="TestClassReject()[pri:2, instance:com.techblog.testscripts.TestClassAdminApprove@791f145a]" started-at="2023-03-01T00:32:08 IST" name="TestClassReject" finished-at="2023-03-01T00:32:27 IST" duration-ms="19029" status="PASS">
          <reporter-output>
          </reporter-output>
        </test-method> <!-- TestClassReject -->
        <test-method is-config="true" signature="closeBrowser()[pri:0, instance:com.techblog.testscripts.TestClassAdminApprove@791f145a]" started-at="2023-03-01T00:32:27 IST" name="closeBrowser" finished-at="2023-03-01T00:32:30 IST" duration-ms="2528" status="PASS">
          <reporter-output>
          </reporter-output>
        </test-method> <!-- closeBrowser -->
      </class> <!-- com.techblog.testscripts.TestClassAdminApprove -->
    </test> <!-- Default test -->
  </suite> <!-- Default suite -->
</testng-results>
